<?xml version="1.0" encoding="UTF-8"?>
<!-- Generated by org.testng.reporters.JUnitReportReporter -->
<testsuite hostname="DESKTOP-SSKPHS6" failures="0" tests="3" name="com.amazon.qa.testcases.LoginPageTest" time="38.146" errors="0" timestamp="23 Aug 2022 00:17:38 GMT" skipped="0">
  <testcase classname="com.amazon.qa.testcases.LoginPageTest" name="loginPageTitleTest" time="11.633"/>
  <testcase classname="com.amazon.qa.testcases.LoginPageTest" name="crmLogoImageTest" time="13.531"/>
  <testcase classname="com.amazon.qa.testcases.LoginPageTest" name="loginTest" time="12.982"/>
</testsuite> <!-- com.amazon.qa.testcases.LoginPageTest -->
