<?xml version="1.0" encoding="UTF-8"?>
<!-- Generated by org.testng.reporters.JUnitReportReporter -->
<testsuite hostname="DESKTOP-SSKPHS6" failures="0" tests="4" name="com.amazon.qa.testcases.BeautyandPersonalCarePageTest" time="87.233" errors="0" timestamp="23 Aug 2022 00:17:38 GMT" skipped="0">
  <testcase classname="com.amazon.qa.testcases.BeautyandPersonalCarePageTest" name="VerifyBeautyPageTitleTest" time="22.116"/>
  <testcase classname="com.amazon.qa.testcases.BeautyandPersonalCarePageTest" name="varifyBeautyLabelTest" time="20.780"/>
  <testcase classname="com.amazon.qa.testcases.BeautyandPersonalCarePageTest" name="varifyHaircareProductLabellTest" time="18.964"/>
  <testcase classname="com.amazon.qa.testcases.BeautyandPersonalCarePageTest" name="varifyMakeupProductlLableLinkTest" time="25.373"/>
</testsuite> <!-- com.amazon.qa.testcases.BeautyandPersonalCarePageTest -->
