<?xml version="1.0" encoding="UTF-8"?>
<!-- Generated by org.testng.reporters.JUnitReportReporter -->
<testsuite hostname="DESKTOP-SSKPHS6" failures="0" tests="3" name="com.amazon.qa.testcases.YourAccountPageTest" time="74.043" errors="0" timestamp="23 Aug 2022 00:17:38 GMT" skipped="0">
  <testcase classname="com.amazon.qa.testcases.YourAccountPageTest" name="varifycreateNewContact" time="24.130"/>
  <testcase classname="com.amazon.qa.testcases.YourAccountPageTest" name="varifycreateNewContact" time="23.456"/>
  <testcase classname="com.amazon.qa.testcases.YourAccountPageTest" name="varifycreateNewContact" time="26.457"/>
</testsuite> <!-- com.amazon.qa.testcases.YourAccountPageTest -->
